Grammar

    0 $accept: Equation END

    1 Equation: Expr END

    2 Expr: Expr PLUS Expr
    3     | Expr MINUS Expr
    4     | Expr DIV Expr
    5     | Expr MULT Expr
    6     | NEG Expr
    7     | INTLIT
    8     | LPAR Expr RPAR


Terminals, with rules where they appear

    END (0) 0 1
    error (256)
    LPAR (258) 8
    RPAR (259) 8
    PLUS (260) 2
    MINUS (261) 3
    DIV (262) 4
    MULT (263) 5
    INTLIT <intVal> (264) 7
    NEG (265) 6


Nonterminals, with rules where they appear

    $accept (11)
        on left: 0
    Equation <transGood> (12)
        on left: 1
        on right: 0
    Expr <transNode> (13)
        on left: 2 3 4 5 6 7 8
        on right: 1 2 3 4 5 6 8


State 0

    0 $accept: • Equation END

    LPAR    shift, and go to state 1
    INTLIT  shift, and go to state 2
    NEG     shift, and go to state 3

    Equation  go to state 4
    Expr      go to state 5


State 1

    8 Expr: LPAR • Expr RPAR

    LPAR    shift, and go to state 1
    INTLIT  shift, and go to state 2
    NEG     shift, and go to state 3

    Expr  go to state 6


State 2

    7 Expr: INTLIT •

    $default  reduce using rule 7 (Expr)


State 3

    6 Expr: NEG • Expr

    LPAR    shift, and go to state 1
    INTLIT  shift, and go to state 2
    NEG     shift, and go to state 3

    Expr  go to state 7


State 4

    0 $accept: Equation • END

    END  shift, and go to state 8


State 5

    1 Equation: Expr • END
    2 Expr: Expr • PLUS Expr
    3     | Expr • MINUS Expr
    4     | Expr • DIV Expr
    5     | Expr • MULT Expr

    END    shift, and go to state 9
    PLUS   shift, and go to state 10
    MINUS  shift, and go to state 11
    DIV    shift, and go to state 12
    MULT   shift, and go to state 13


State 6

    2 Expr: Expr • PLUS Expr
    3     | Expr • MINUS Expr
    4     | Expr • DIV Expr
    5     | Expr • MULT Expr
    8     | LPAR Expr • RPAR

    RPAR   shift, and go to state 14
    PLUS   shift, and go to state 10
    MINUS  shift, and go to state 11
    DIV    shift, and go to state 12
    MULT   shift, and go to state 13


State 7

    2 Expr: Expr • PLUS Expr
    3     | Expr • MINUS Expr
    4     | Expr • DIV Expr
    5     | Expr • MULT Expr
    6     | NEG Expr •

    $default  reduce using rule 6 (Expr)


State 8

    0 $accept: Equation END •

    $default  accept


State 9

    1 Equation: Expr END •

    $default  reduce using rule 1 (Equation)


State 10

    2 Expr: Expr PLUS • Expr

    LPAR    shift, and go to state 1
    INTLIT  shift, and go to state 2
    NEG     shift, and go to state 3

    Expr  go to state 15


State 11

    3 Expr: Expr MINUS • Expr

    LPAR    shift, and go to state 1
    INTLIT  shift, and go to state 2
    NEG     shift, and go to state 3

    Expr  go to state 16


State 12

    4 Expr: Expr DIV • Expr

    LPAR    shift, and go to state 1
    INTLIT  shift, and go to state 2
    NEG     shift, and go to state 3

    Expr  go to state 17


State 13

    5 Expr: Expr MULT • Expr

    LPAR    shift, and go to state 1
    INTLIT  shift, and go to state 2
    NEG     shift, and go to state 3

    Expr  go to state 18


State 14

    8 Expr: LPAR Expr RPAR •

    $default  reduce using rule 8 (Expr)


State 15

    2 Expr: Expr • PLUS Expr
    2     | Expr PLUS Expr •
    3     | Expr • MINUS Expr
    4     | Expr • DIV Expr
    5     | Expr • MULT Expr

    DIV   shift, and go to state 12
    MULT  shift, and go to state 13

    $default  reduce using rule 2 (Expr)


State 16

    2 Expr: Expr • PLUS Expr
    3     | Expr • MINUS Expr
    3     | Expr MINUS Expr •
    4     | Expr • DIV Expr
    5     | Expr • MULT Expr

    DIV   shift, and go to state 12
    MULT  shift, and go to state 13

    $default  reduce using rule 3 (Expr)


State 17

    2 Expr: Expr • PLUS Expr
    3     | Expr • MINUS Expr
    4     | Expr • DIV Expr
    4     | Expr DIV Expr •
    5     | Expr • MULT Expr

    $default  reduce using rule 4 (Expr)


State 18

    2 Expr: Expr • PLUS Expr
    3     | Expr • MINUS Expr
    4     | Expr • DIV Expr
    5     | Expr • MULT Expr
    5     | Expr MULT Expr •

    $default  reduce using rule 5 (Expr)
